[2025-10-23 18:48:07] Starting single-city discovery run for: copenhagen...
[2025-10-23 18:48:07] Starting spot discovery for copenhagen...
[2025-10-23 18:48:08] Finished spot discovery for copenhagen. Found 76 new spots.
[2025-10-23 18:48:08] Starting event discovery for copenhagen...
[2025-10-23 18:48:09] Finished event discovery for copenhagen. Found 9 new events.
[2025-10-23 18:48:09] Starting session discovery for copenhagen...
[2025-10-23 18:48:11] Finished session discovery for copenhagen. Found 137 new sessions.
[2025-10-23 18:48:11] Starting review discovery for copenhagen...
[2025-10-23 18:48:55] Finished review discovery for copenhagen. Found 35 new reviews.
[2025-10-23 18:48:55] Starting skater discovery for copenhagen...
[2025-10-23 18:48:56] Finished skater discovery for copenhagen. Found 16 new skaters.
[2025-10-23 18:48:56] Single-city discovery run finished for: copenhagen.
[2025-10-23 18:49:16] --- Starting Post Generation for copenhagen ---
[2025-10-23 18:49:16] Found 273 new items to process for copenhagen.
[2025-10-23 18:49:16] Grouped content types found: spot, event, session, review, skater
[2025-10-23 18:49:16] Generating HTML for 76 new spots.
[2025-10-23 18:49:16] Generating HTML for 9 new events.
[2025-10-23 18:49:16] Generating HTML for 35 new reviews.
[2025-10-23 18:49:16] Generating HTML for 137 new sessions.
[2025-10-23 18:49:16] Generating HTML for 16 new skaters.
[2025-10-23 18:49:16] Successfully generated and saved new post for copenhagen.
